<?xml version="1.0" encoding="UTF-8"?>
<!-- Generated by org.testng.reporters.JUnitReportReporter -->
<testsuite hostname="DESKTOP-AAF5KVV" failures="0" tests="2" name="Academy.HomePage" time="184.011" errors="0" timestamp="2022-10-11T19:53:49 IST" skipped="0">
  <testcase classname="Academy.HomePage" name="basePageNavigation" time="108.897"/>
  <system-out/>
  <testcase classname="Academy.HomePage" name="basePageNavigation" time="75.114"/>
  <system-out/>
</testsuite> <!-- Academy.HomePage -->
