<?xml version="1.0" encoding="UTF-8"?>
<!-- Generated by org.testng.reporters.JUnitReportReporter -->
<testsuite hostname="DESKTOP-AAF5KVV" failures="0" tests="1" name="Academy.validateTitle" time="0.615" errors="0" timestamp="2022-10-12T18:18:31 IST" skipped="0">
  <testcase classname="Academy.validateTitle" name="validateAppTitle" time="0.615"/>
  <system-out/>
</testsuite> <!-- Academy.validateTitle -->
