<?xml version="1.0" encoding="UTF-8"?>
<!-- Generated by org.testng.reporters.JUnitReportReporter -->
<testsuite hostname="DESKTOP-AAF5KVV" failures="0" tests="2" name="Academy.HomePage" time="31.470" errors="0" timestamp="2022-10-12T18:18:31 IST" skipped="0">
  <testcase classname="Academy.HomePage" name="basePageNavigation" time="14.806"/>
  <system-out/>
  <testcase classname="Academy.HomePage" name="basePageNavigation" time="16.664"/>
  <system-out/>
</testsuite> <!-- Academy.HomePage -->
